<?xml version="1.0" encoding="UTF-8"?>
<!-- Generated by org.testng.reporters.JUnitXMLReporter -->
<testsuite hostname="Daniel-T420s" name="Default test" tests="2" failures="0" timestamp="3 Dec 2013 07:10:27 GMT" time="0.905" errors="0">
  <testcase name="dataSource" time="0.89" classname="idv.hsiehpinghan.database.configuration.implement.DataSourceConfigurationImplement_Test"/>
  <testcase name="setEnvironment_Environment" time="0.001" classname="idv.hsiehpinghan.database.configuration.implement.DataSourceConfigurationImplement_Test"/>
</testsuite> <!-- Default test -->
